# JRE version: OpenJDK Runtime Environment (11.0.13) (build 11.0.13+0-b1751.21-8125866)
# Java VM: OpenJDK 64-Bit Server VM (11.0.13+0-b1751.21-8125866, mixed mode, tiered, compressed oops, g1 gc, windows-amd64)
Heap:
 garbage-first heap   total 428032K, used 348865K [0x0000000080000000, 0x0000000100000000)
  region size 1024K, 131 young (134144K), 9 survivors (9216K)
 Metaspace       used 131792K, capacity 136139K, committed 136236K, reserved 1167360K
  class space    used 15928K, capacity 17478K, committed 17536K, reserved 1048576K
GC Heap History (20 events):
Event: 294.604 GC heap before
{Heap before GC invocations=86 (full 0):
 garbage-first heap   total 428032K, used 362584K [0x0000000080000000, 0x0000000100000000)
  region size 1024K, 143 young (146432K), 9 survivors (9216K)
 Metaspace       used 128519K, capacity 132398K, committed 132524K, reserved 1165312K
  class space    used 15733K, capacity 17136K, committed 17152K, reserved 1048576K
}
Event: 294.619 GC heap after
{Heap after GC invocations=87 (full 0):
 garbage-first heap   total 428032K, used 219548K [0x0000000080000000, 0x0000000100000000)
  region size 1024K, 11 young (11264K), 11 survivors (11264K)
 Metaspace       used 128519K, capacity 132398K, committed 132524K, reserved 1165312K
  class space    used 15733K, capacity 17136K, committed 17152K, reserved 1048576K
}
Event: 416.017 GC heap before
{Heap before GC invocations=87 (full 0):
 garbage-first heap   total 428032K, used 361884K [0x0000000080000000, 0x0000000100000000)
  region size 1024K, 144 young (147456K), 11 survivors (11264K)
 Metaspace       used 129168K, capacity 133059K, committed 133420K, reserved 1165312K
  class space    used 15752K, capacity 17165K, committed 17280K, reserved 1048576K
}
Event: 416.097 GC heap after
{Heap after GC invocations=88 (full 0):
 garbage-first heap   total 428032K, used 215313K [0x0000000080000000, 0x0000000100000000)
  region size 1024K, 6 young (6144K), 6 survivors (6144K)
 Metaspace       used 129168K, capacity 133059K, committed 133420K, reserved 1165312K
  class space    used 15752K, capacity 17165K, committed 17280K, reserved 1048576K
}
Event: 440.103 GC heap before
{Heap before GC invocations=88 (full 0):
 garbage-first heap   total 428032K, used 366865K [0x0000000080000000, 0x0000000100000000)
  region size 1024K, 146 young (149504K), 6 survivors (6144K)
 Metaspace       used 129539K, capacity 133498K, committed 133676K, reserved 1165312K
  class space    used 15770K, capacity 17198K, committed 17280K, reserved 1048576K
}
Event: 440.111 GC heap after
{Heap after GC invocations=89 (full 0):
 garbage-first heap   total 428032K, used 212934K [0x0000000080000000, 0x0000000100000000)
  region size 1024K, 4 young (4096K), 4 survivors (4096K)
 Metaspace       used 129539K, capacity 133498K, committed 133676K, reserved 1165312K
  class space    used 15770K, capacity 17198K, committed 17280K, reserved 1048576K
}
Event: 441.354 GC heap before
{Heap before GC invocations=89 (full 0):
 garbage-first heap   total 428032K, used 368582K [0x0000000080000000, 0x0000000100000000)
  region size 1024K, 148 young (151552K), 4 survivors (4096K)
 Metaspace       used 129881K, capacity 133849K, committed 133932K, reserved 1165312K
  class space    used 15791K, capacity 17236K, committed 17280K, reserved 1048576K
}
Event: 441.365 GC heap after
{Heap after GC invocations=90 (full 0):
 garbage-first heap   total 428032K, used 217650K [0x0000000080000000, 0x0000000100000000)
  region size 1024K, 8 young (8192K), 8 survivors (8192K)
 Metaspace       used 129881K, capacity 133849K, committed 133932K, reserved 1165312K
  class space    used 15791K, capacity 17236K, committed 17280K, reserved 1048576K
}
Event: 508.433 GC heap before
{Heap before GC invocations=90 (full 0):
 garbage-first heap   total 428032K, used 370226K [0x0000000080000000, 0x0000000100000000)
  region size 1024K, 149 young (152576K), 8 survivors (8192K)
 Metaspace       used 130339K, capacity 134554K, committed 134828K, reserved 1167360K
  class space    used 15833K, capacity 17312K, committed 17408K, reserved 1048576K
}
Event: 508.457 GC heap after
{Heap after GC invocations=91 (full 0):
 garbage-first heap   total 428032K, used 215127K [0x0000000080000000, 0x0000000100000000)
  region size 1024K, 8 young (8192K), 8 survivors (8192K)
 Metaspace       used 130339K, capacity 134554K, committed 134828K, reserved 1167360K
  class space    used 15833K, capacity 17312K, committed 17408K, reserved 1048576K
}
Event: 2625.037 GC heap before
{Heap before GC invocations=91 (full 0):
 garbage-first heap   total 428032K, used 365655K [0x0000000080000000, 0x0000000100000000)
  region size 1024K, 150 young (153600K), 8 survivors (8192K)
 Metaspace       used 130933K, capacity 135167K, committed 135468K, reserved 1167360K
  class space    used 15917K, capacity 17468K, committed 17536K, reserved 1048576K
}
Event: 2625.162 GC heap after
{Heap after GC invocations=92 (full 0):
 garbage-first heap   total 428032K, used 210627K [0x0000000080000000, 0x0000000100000000)
  region size 1024K, 3 young (3072K), 3 survivors (3072K)
 Metaspace       used 130933K, capacity 135167K, committed 135468K, reserved 1167360K
  class space    used 15917K, capacity 17468K, committed 17536K, reserved 1048576K
}
Event: 3019.629 GC heap before
{Heap before GC invocations=92 (full 0):
 garbage-first heap   total 428032K, used 380611K [0x0000000080000000, 0x0000000100000000)
  region size 1024K, 155 young (158720K), 3 survivors (3072K)
 Metaspace       used 131051K, capacity 135389K, committed 135468K, reserved 1167360K
  class space    used 15921K, capacity 17473K, committed 17536K, reserved 1048576K
}
Event: 3019.743 GC heap after
{Heap after GC invocations=93 (full 0):
 garbage-first heap   total 428032K, used 209636K [0x0000000080000000, 0x0000000100000000)
  region size 1024K, 2 young (2048K), 2 survivors (2048K)
 Metaspace       used 131051K, capacity 135389K, committed 135468K, reserved 1167360K
  class space    used 15921K, capacity 17473K, committed 17536K, reserved 1048576K
}
Event: 3225.609 GC heap before
{Heap before GC invocations=93 (full 0):
 garbage-first heap   total 428032K, used 375524K [0x0000000080000000, 0x0000000100000000)
  region size 1024K, 154 young (157696K), 2 survivors (2048K)
 Metaspace       used 131168K, capacity 135397K, committed 135468K, reserved 1167360K
  class space    used 15922K, capacity 17474K, committed 17536K, reserved 1048576K
}
Event: 3225.635 GC heap after
{Heap after GC invocations=94 (full 0):
 garbage-first heap   total 428032K, used 220053K [0x0000000080000000, 0x0000000100000000)
  region size 1024K, 11 young (11264K), 11 survivors (11264K)
 Metaspace       used 131168K, capacity 135397K, committed 135468K, reserved 1167360K
  class space    used 15922K, capacity 17474K, committed 17536K, reserved 1048576K
}
Event: 3423.334 GC heap before
{Heap before GC invocations=94 (full 0):
 garbage-first heap   total 428032K, used 380821K [0x0000000080000000, 0x0000000100000000)
  region size 1024K, 153 young (156672K), 11 survivors (11264K)
 Metaspace       used 131423K, capacity 135795K, committed 135980K, reserved 1167360K
  class space    used 15924K, capacity 17475K, committed 17536K, reserved 1048576K
}
Event: 3423.355 GC heap after
{Heap after GC invocations=95 (full 0):
 garbage-first heap   total 428032K, used 216835K [0x0000000080000000, 0x0000000100000000)
  region size 1024K, 7 young (7168K), 7 survivors (7168K)
 Metaspace       used 131423K, capacity 135795K, committed 135980K, reserved 1167360K
  class space    used 15924K, capacity 17475K, committed 17536K, reserved 1048576K
}
Event: 3426.532 GC heap before
{Heap before GC invocations=95 (full 0):
 garbage-first heap   total 428032K, used 369411K [0x0000000080000000, 0x0000000100000000)
  region size 1024K, 153 young (156672K), 7 survivors (7168K)
 Metaspace       used 131697K, capacity 136000K, committed 136236K, reserved 1167360K
  class space    used 15926K, capacity 17477K, committed 17536K, reserved 1048576K
}
Event: 3426.553 GC heap after
{Heap after GC invocations=96 (full 0):
 garbage-first heap   total 428032K, used 218817K [0x0000000080000000, 0x0000000100000000)
  region size 1024K, 9 young (9216K), 9 survivors (9216K)
 Metaspace       used 131697K, capacity 136000K, committed 136236K, reserved 1167360K
  class space    used 15926K, capacity 17477K, committed 17536K, reserved 1048576K
}

